0 info it worked if it ends with ok
1 verbose cli [ '/usr/local/Cellar/node/6.3.1/bin/node',
1 verbose cli   '/usr/local/bin/npm',
1 verbose cli   'publish' ]
2 info using npm@3.10.3
3 info using node@v6.3.1
4 verbose publish [ '.' ]
5 silly cache add args [ '.', null ]
6 verbose cache add spec .
7 silly cache add parsed spec Result {
7 silly cache add   raw: '.',
7 silly cache add   scope: null,
7 silly cache add   escapedName: null,
7 silly cache add   name: null,
7 silly cache add   rawSpec: '.',
7 silly cache add   spec: '/Users/nick/Development/react-phone-input',
7 silly cache add   type: 'directory' }
8 verbose addLocalDirectory /Users/nick/.npm/@iduuck/react-phone-input/1.2.0-alpha.1/package.tgz not in flight; packing
9 verbose correctMkdir /Users/nick/.npm correctMkdir not in flight; initializing
10 info lifecycle @iduuck/react-phone-input@1.2.0-alpha.1~prepublish: @iduuck/react-phone-input@1.2.0-alpha.1
11 verbose lifecycle @iduuck/react-phone-input@1.2.0-alpha.1~prepublish: unsafe-perm in lifecycle true
12 verbose lifecycle @iduuck/react-phone-input@1.2.0-alpha.1~prepublish: PATH: /usr/local/lib/node_modules/npm/bin/node-gyp-bin:/Users/nick/Development/react-phone-input/node_modules/.bin:/usr/local/Cellar/node/6.3.1/bin:.git/safe/../../bin:/Users/nick/.rbenv/shims:/Users/nick/.bin:/usr/local/sbin:/usr/local/bin:/usr/bin:/bin:/usr/sbin:/sbin
13 verbose lifecycle @iduuck/react-phone-input@1.2.0-alpha.1~prepublish: CWD: /Users/nick/Development/react-phone-input
14 silly lifecycle @iduuck/react-phone-input@1.2.0-alpha.1~prepublish: Args: [ '-c', 'npm run clean && npm run build' ]
15 silly lifecycle @iduuck/react-phone-input@1.2.0-alpha.1~prepublish: Returned: code: 0  signal: null
16 verbose tar pack [ '/Users/nick/.npm/@iduuck/react-phone-input/1.2.0-alpha.1/package.tgz',
16 verbose tar pack   '/Users/nick/Development/react-phone-input' ]
17 verbose tarball /Users/nick/.npm/@iduuck/react-phone-input/1.2.0-alpha.1/package.tgz
18 verbose folder /Users/nick/Development/react-phone-input
19 verbose addLocalTarball adding from inside cache /Users/nick/.npm/@iduuck/react-phone-input/1.2.0-alpha.1/package.tgz
20 verbose correctMkdir /Users/nick/.npm correctMkdir not in flight; initializing
21 silly cache afterAdd @iduuck/react-phone-input@1.2.0-alpha.1
22 verbose afterAdd /Users/nick/.npm/@iduuck/react-phone-input/1.2.0-alpha.1/package/package.json not in flight; writing
23 verbose correctMkdir /Users/nick/.npm correctMkdir not in flight; initializing
24 verbose afterAdd /Users/nick/.npm/@iduuck/react-phone-input/1.2.0-alpha.1/package/package.json written
25 silly publish { name: '@iduuck/react-phone-input',
25 silly publish   version: '1.2.0-alpha.1',
25 silly publish   description: 'A react component to format phone numbers',
25 silly publish   main: 'lib/index.js',
25 silly publish   scripts:
25 silly publish    { clean: 'rimraf lib dist',
25 silly publish      prepublish: 'npm run clean && npm run build',
25 silly publish      dev: 'NODE_ENV=development webpack-dev-server --quiet --config webpack.config.dev.js',
25 silly publish      build: 'NODE_ENV=production webpack -p --progress --config webpack.config.prod.js' },
25 silly publish   repository:
25 silly publish    { type: 'git',
25 silly publish      url: 'git+https://github.com/kreativgebiet/react-phone-input.git' },
25 silly publish   keywords: [ 'react', 'phone', 'format', 'telephone' ],
25 silly publish   author:
25 silly publish    { name: 'Raza Gill',
25 silly publish      email: 'raza.gill@outlook.com',
25 silly publish      url: 'http://github.com/razagill' },
25 silly publish   license: 'MIT',
25 silly publish   bugs: { url: 'https://github.com/kreativgebiet/react-phone-input/issues' },
25 silly publish   homepage: 'https://github.com/kreativgebiet/react-phone-input',
25 silly publish   peerDependencies: { react: '>=0.14.0', 'react-dom': '>=0.14.0' },
25 silly publish   devDependencies:
25 silly publish    { 'array-find': '^1.0.0',
25 silly publish      'array-find-index': '^1.0.1',
25 silly publish      'array-reduce': '0.0.0',
25 silly publish      'array-some': '^1.0.0',
25 silly publish      'babel-core': '^6.9.1',
25 silly publish      'babel-loader': '^6.2.4',
25 silly publish      'babel-preset-es2015': '^6.9.0',
25 silly publish      'babel-preset-react': '^6.5.0',
25 silly publish      classnames: '^2.2.5',
25 silly publish      'css-loader': '^0.23.1',
25 silly publish      debounce: '^1.0.0',
25 silly publish      'file-loader': '^0.8.5',
25 silly publish      'html-webpack-plugin': '^2.22.0',
25 silly publish      'less-loader': '^2.2.3',
25 silly publish      memoize: '^0.1.1',
25 silly publish      react: '^15.3.0',
25 silly publish      'react-dom': '^15.3.0',
25 silly publish      'react-hot-loader': '^1.3.0',
25 silly publish      rimraf: '^2.5.4',
25 silly publish      'style-loader': '^0.13.1',
25 silly publish      'url-loader': '^0.5.7',
25 silly publish      webpack: '^1.13.1',
25 silly publish      'webpack-dashboard': '0.0.1',
25 silly publish      'webpack-dev-server': '^1.14.1',
25 silly publish      'webpack-merge': '^0.13.0' },
25 silly publish   dependencies: {},
25 silly publish   readme: '# react-phone-input\nA simple react component to format a phone number as the user types.\n\n![alt tag](http://i.giphy.com/l41m24L5YTSOifyW4.gif)\n\n##Installation:\n  ```npm install react-phone-input --save```\n  \n##Usage:\n```jsx\nReact.render(\n  <ReactPhoneInput defaultCountry={\'us\'} />,\n  document.getElementById(\'content\'));\n```\n\n##Options:\n| Name | Description          |\n| :------------- | :----------- |\n| defaultCountry | country code to initialize the component|\n| excludeCountries | array of country codes to be excluded e.g. [\'cu\',\'cw\',\'kz\']|\n| onlyCountries | array of country codes to be included e.g. [\'cu\',\'cw\',\'kz\']|\n| preferredCountries | array of country codes to be preferred (highlighted at the top) e.g. [\'cu\',\'cw\',\'kz\']|\n\n##License\nMIT\n',
25 silly publish   readmeFilename: 'README.md',
25 silly publish   gitHead: '7e1579d9fd9e19611bbf690d9ca4a41e96281a3b',
25 silly publish   _id: '@iduuck/react-phone-input@1.2.0-alpha.1',
25 silly publish   _shasum: '4aeab97675d91194c1474ff76eaf3d7e8059d5bd',
25 silly publish   _from: '.' }
26 verbose getPublishConfig undefined
27 silly mapToRegistry name @iduuck/react-phone-input
28 silly mapToRegistry scope (from package name) @iduuck
29 verbose mapToRegistry no registry URL found in name for scope @iduuck
30 silly mapToRegistry using default registry
31 silly mapToRegistry registry https://registry.npmjs.org/
32 silly mapToRegistry data Result {
32 silly mapToRegistry   raw: '@iduuck/react-phone-input',
32 silly mapToRegistry   scope: '@iduuck',
32 silly mapToRegistry   escapedName: '@iduuck%2freact-phone-input',
32 silly mapToRegistry   name: '@iduuck/react-phone-input',
32 silly mapToRegistry   rawSpec: '',
32 silly mapToRegistry   spec: 'latest',
32 silly mapToRegistry   type: 'tag' }
33 silly mapToRegistry uri https://registry.npmjs.org/@iduuck%2freact-phone-input
34 verbose publish registryBase https://registry.npmjs.org/
35 silly publish uploading /Users/nick/.npm/@iduuck/react-phone-input/1.2.0-alpha.1/package.tgz
36 verbose request uri https://registry.npmjs.org/@iduuck%2freact-phone-input
37 verbose request sending authorization for write operation
38 info attempt registry request try #1 at 4:08:16 PM
39 verbose request using bearer token for auth
40 verbose request id 3c44ae3129b8a3fb
41 http request PUT https://registry.npmjs.org/@iduuck%2freact-phone-input
42 http 403 https://registry.npmjs.org/@iduuck%2freact-phone-input
43 verbose headers { 'content-type': 'application/json',
43 verbose headers   'cache-control': 'max-age=0',
43 verbose headers   'content-length': '103',
43 verbose headers   'accept-ranges': 'bytes',
43 verbose headers   date: 'Tue, 16 Aug 2016 14:08:18 GMT',
43 verbose headers   via: '1.1 varnish',
43 verbose headers   connection: 'keep-alive',
43 verbose headers   'x-served-by': 'cache-fra1221-FRA',
43 verbose headers   'x-cache': 'MISS',
43 verbose headers   'x-cache-hits': '0',
43 verbose headers   'x-timer': 'S1471356497.246703,VS0,VE1586' }
44 verbose request invalidating /Users/nick/.npm/registry.npmjs.org/_40iduuck_252freact-phone-input on PUT
45 error publish Failed PUT 403
46 verbose stack Error: "You cannot publish over the previously published version 1.2.0-alpha.1." : @iduuck/react-phone-input
46 verbose stack     at makeError (/usr/local/lib/node_modules/npm/node_modules/npm-registry-client/lib/request.js:264:12)
46 verbose stack     at CachingRegistryClient.<anonymous> (/usr/local/lib/node_modules/npm/node_modules/npm-registry-client/lib/request.js:252:14)
46 verbose stack     at Request._callback (/usr/local/lib/node_modules/npm/node_modules/npm-registry-client/lib/request.js:172:14)
46 verbose stack     at Request.self.callback (/usr/local/lib/node_modules/npm/node_modules/request/request.js:200:22)
46 verbose stack     at emitTwo (events.js:106:13)
46 verbose stack     at Request.emit (events.js:191:7)
46 verbose stack     at Request.<anonymous> (/usr/local/lib/node_modules/npm/node_modules/request/request.js:1067:10)
46 verbose stack     at emitOne (events.js:101:20)
46 verbose stack     at Request.emit (events.js:188:7)
46 verbose stack     at IncomingMessage.<anonymous> (/usr/local/lib/node_modules/npm/node_modules/request/request.js:988:12)
47 verbose statusCode 403
48 verbose pkgid @iduuck/react-phone-input
49 verbose cwd /Users/nick/Development/react-phone-input
50 error Darwin 15.6.0
51 error argv "/usr/local/Cellar/node/6.3.1/bin/node" "/usr/local/bin/npm" "publish"
52 error node v6.3.1
53 error npm  v3.10.3
54 error code E403
55 error "You cannot publish over the previously published version 1.2.0-alpha.1." : @iduuck/react-phone-input
56 error If you need help, you may report this error at:
56 error     <https://github.com/npm/npm/issues>
57 verbose exit [ 1, true ]
